[15-Oct-2018 22:10:01 Europe/Paris] Login Success usuario@majada.com
[15-Oct-2018 22:10:01 Europe/Paris] PHP Notice:  Undefined variable: resultado in /var/www/html/PDO2/autos.php on line 22
[15-Oct-2018 22:21:06 Europe/Paris] PHP Fatal error:  Uncaught PDOException: SQLSTATE[42S02]: Base table or view not found: 1146 Table 'automoviles.users' doesn't exist in /var/www/html/PDO2/autos.php:32
Stack trace:
#0 /var/www/html/PDO2/autos.php(32): PDO->query('SELECT name, em...')
#1 {main}
  thrown in /var/www/html/PDO2/autos.php on line 32
[15-Oct-2018 22:37:47 Europe/Paris] Login Success usuario@majada.com
[15-Oct-2018 22:53:51 Europe/Paris] PHP Fatal error:  Uncaught Error: Call to undefined function htmlencode() in /var/www/html/PDO2/login.php:7
Stack trace:
#0 {main}
  thrown in /var/www/html/PDO2/login.php on line 7
[15-Oct-2018 22:54:04 Europe/Paris] PHP Fatal error:  Uncaught Error: Call to undefined function htmlencode() in /var/www/html/PDO2/login.php:7
Stack trace:
#0 {main}
  thrown in /var/www/html/PDO2/login.php on line 7
[15-Oct-2018 22:56:50 Europe/Paris] Login fail usuario@majada.com cc2bd5dd79a8f1f3994b83a6cb7e69dd
[15-Oct-2018 22:57:37 Europe/Paris] Login Success usuario@majada.com
[15-Oct-2018 22:58:21 Europe/Paris] Login fail usuario@majada.com 460e8cfe7aae8551eb5bd6614eb66cf0
[15-Oct-2018 22:58:32 Europe/Paris] Login fail usuario 7af1d9f6043e493195dec187611f0d54
[15-Oct-2018 22:58:40 Europe/Paris] Login fail usuario@majada.com edb9f09b4c2f2cde9b64cee173aa3ef7
[15-Oct-2018 22:59:02 Europe/Paris] Login Success usuario@majada.com
