[2018-11-25 02:11:51] [E_NOTICE: Undefined variable: hola] [IN FILE /var/www/html/proyect/app/Views/demo/index.php] [LINE 9]
[2018-11-25 02:11:20] [E_NOTICE: Undefined index: paginations] [IN FILE /var/www/html/proyect/app/Views/demo/index.php] [LINE 5]
[2018-11-25 02:11:30] [E_NOTICE: Undefined variable: pagination] [IN FILE /var/www/html/proyect/app/Views/demo/index.php] [LINE 8]
[2018-11-27 07:11:24] [E_NOTICE: Undefined variable: mode] [IN FILE /var/www/html/proyect/app/Views/demo/index.php] [LINE 12]
[2018-11-27 07:11:20] [E_NOTICE: Undefined variable: mode] [IN FILE /var/www/html/proyect/app/Views/demo/index.php] [LINE 12]
[2018-11-27 08:11:32] [E_WARNING: Creating default object from empty value] [IN FILE /var/www/html/proyect/app/Controllers/DemoController.php] [LINE 75]
[2018-11-27 08:11:04] [E_NOTICE: Undefined index: place] [IN FILE /var/www/html/proyect/app/Views/layouts/demolayout.php] [LINE 35]
[2018-11-27 08:11:35] [E_NOTICE: Undefined index: Name] [IN FILE /var/www/html/proyect/app/Views/demo/editar.php] [LINE 4]
[2018-11-27 08:11:47] [E_NOTICE: Undefined index: Name] [IN FILE /var/www/html/proyect/app/Views/demo/editar.php] [LINE 4]
[2018-11-27 08:11:48] [E_NOTICE: Undefined index: Name] [IN FILE /var/www/html/proyect/app/Views/demo/editar.php] [LINE 4]
[2018-11-27 08:11:05] [E_NOTICE: Array to string conversion] [IN FILE /var/www/html/proyect/app/Views/demo/editar.php] [LINE 4]
[2018-11-27 08:11:00] [E_NOTICE: Trying to get property of non-object] [IN FILE /var/www/html/proyect/app/Views/demo/editar.php] [LINE 4]
[2018-11-27 08:11:22] [E_NOTICE: Undefined variable: mode] [IN FILE /var/www/html/proyect/app/Views/demo/editar.php] [LINE 71]
[2018-11-27 08:11:09] [E_NOTICE: Undefined variable: mode] [IN FILE /var/www/html/proyect/app/Views/demo/editar.php] [LINE 71]
[2018-11-29 06:11:09] [E_NOTICE: Undefined index: id] [IN FILE /var/www/html/proyect/app/Views/demo/insert.php] [LINE 66]
[2018-11-29 06:11:31] [E_NOTICE: Trying to get property of non-object] [IN FILE /var/www/html/proyect/app/Views/demo/insert.php] [LINE 66]
[2018-11-29 06:11:42] [E_NOTICE: Array to string conversion] [IN FILE /var/www/html/proyect/app/Views/demo/insert.php] [LINE 66]
[2018-11-29 06:11:51] [E_NOTICE: Undefined index: place] [IN FILE /var/www/html/proyect/app/Views/layouts/demolayout.php] [LINE 35]
[2018-11-29 07:11:36] [E_NOTICE: Undefined index: fileToUpload] [IN FILE /var/www/html/proyect/app/Controllers/DemoController.php] [LINE 74]
[2018-11-29 07:11:23] [E_NOTICE: Undefined index: fileToUpload] [IN FILE /var/www/html/proyect/app/Controllers/DemoController.php] [LINE 74]
[2018-11-29 07:11:16] [E_NOTICE: Undefined index: fileToUpload] [IN FILE /var/www/html/proyect/app/Controllers/DemoController.php] [LINE 74]
[2018-11-29 07:11:49] [E_NOTICE: Undefined index: fileToUpload] [IN FILE /var/www/html/proyect/app/Controllers/DemoController.php] [LINE 74]
[2018-11-29 07:11:39] [E_NOTICE: Undefined index: fileToUpload] [IN FILE /var/www/html/proyect/app/Controllers/DemoController.php] [LINE 74]
[2018-11-29 07:11:36] [E_NOTICE: Undefined index: fileToUpload] [IN FILE /var/www/html/proyect/app/Controllers/DemoController.php] [LINE 74]
[2018-11-29 07:11:15] [E_NOTICE: Undefined index: fileToUpload] [IN FILE /var/www/html/proyect/app/Controllers/DemoController.php] [LINE 74]
[2018-11-29 07:11:55] [E_NOTICE: Undefined index: imagen] [IN FILE /var/www/html/proyect/app/Controllers/DemoController.php] [LINE 74]
[2018-11-29 07:11:35] [E_NOTICE: Undefined variable: uploadOK] [IN FILE /var/www/html/proyect/app/Controllers/DemoController.php] [LINE 77]
[2018-11-29 07:11:48] [E_WARNING: move_uploaded_file(http://192.168.21.106/proyect/public/resource/gif/Rowlet.gif): failed to open stream: HTTP wrapper does not support writeable connections] [IN FILE /var/www/html/proyect/app/Controllers/DemoController.php] [LINE 78]
[2018-11-29 07:11:33] [E_WARNING: move_uploaded_file(../resource/gif/Rowlet.gif): failed to open stream: No such file or directory] [IN FILE /var/www/html/proyect/app/Controllers/DemoController.php] [LINE 78]
[2018-11-29 07:11:05] [E_WARNING: move_uploaded_file(../public/resource/gif/Rowlet.gif): failed to open stream: Permission denied] [IN FILE /var/www/html/proyect/app/Controllers/DemoController.php] [LINE 78]
[2018-11-29 07:11:13] [E_WARNING: move_uploaded_file(../../public/resource/gif/Rowlet.gif): failed to open stream: No such file or directory] [IN FILE /var/www/html/proyect/app/Controllers/DemoController.php] [LINE 78]
[2018-11-29 07:11:38] [E_WARNING: move_uploaded_file(/var/www/html/proyect/public/resource/gif/Rowlet.gif): failed to open stream: Permission denied] [IN FILE /var/www/html/proyect/app/Controllers/DemoController.php] [LINE 78]
[2018-11-29 07:11:27] [E_NOTICE: Undefined index: Tipo2] [IN FILE /var/www/html/proyect/app/Controllers/DemoController.php] [LINE 87]
[2018-11-29 07:11:43] [E_NOTICE: Undefined index: Tipo2] [IN FILE /var/www/html/proyect/app/Controllers/DemoController.php] [LINE 87]
[2018-11-29 07:11:46] [E_NOTICE: Undefined index: Tipo2] [IN FILE /var/www/html/proyect/app/Controllers/DemoController.php] [LINE 87]
[2018-11-29 07:11:58] [E_NOTICE: Undefined index: Generation] [IN FILE /var/www/html/proyect/app/Controllers/DemoController.php] [LINE 94]
[2018-11-29 07:11:27] [E_NOTICE: Undefined index: Generation] [IN FILE /var/www/html/proyect/app/Controllers/DemoController.php] [LINE 94]
[2018-11-29 07:11:56] [E_WARNING: PDOStatement::execute(): SQLSTATE[HY093]: Invalid parameter number: number of bound variables does not match number of tokens] [IN FILE /var/www/html/proyect/app/Controllers/DemoController.php] [LINE 95]
[2018-11-29 07:11:31] [E_WARNING: PDOStatement::execute(): SQLSTATE[HY093]: Invalid parameter number: number of bound variables does not match number of tokens] [IN FILE /var/www/html/proyect/app/Controllers/DemoController.php] [LINE 95]
[2018-11-29 07:11:54] [E_WARNING: PDOStatement::execute(): SQLSTATE[HY093]: Invalid parameter number: number of bound variables does not match number of tokens] [IN FILE /var/www/html/proyect/app/Controllers/DemoController.php] [LINE 95]
[2018-11-29 07:11:11] [E_NOTICE: Only variables should be passed by reference] [IN FILE /var/www/html/proyect/app/Controllers/DemoController.php] [LINE 83]
[2018-11-29 07:11:52] [E_WARNING: PDOStatement::execute(): SQLSTATE[HY093]: Invalid parameter number: number of bound variables does not match number of tokens] [IN FILE /var/www/html/proyect/app/Controllers/DemoController.php] [LINE 95]
[2018-11-29 07:11:32] [E_WARNING: PDOStatement::execute(): SQLSTATE[HY093]: Invalid parameter number: number of bound variables does not match number of tokens] [IN FILE /var/www/html/proyect/app/Controllers/DemoController.php] [LINE 95]
[2018-11-29 07:11:04] [E_WARNING: PDOStatement::execute(): SQLSTATE[HY093]: Invalid parameter number: number of bound variables does not match number of tokens] [IN FILE /var/www/html/proyect/app/Controllers/DemoController.php] [LINE 95]
[2018-11-29 07:11:32] [E_WARNING: PDOStatement::execute(): SQLSTATE[HY093]: Invalid parameter number: number of bound variables does not match number of tokens] [IN FILE /var/www/html/proyect/app/Controllers/DemoController.php] [LINE 95]
[2018-11-29 07:11:36] [E_WARNING: PDOStatement::execute(): SQLSTATE[HY093]: Invalid parameter number: number of bound variables does not match number of tokens] [IN FILE /var/www/html/proyect/app/Controllers/DemoController.php] [LINE 95]
[2018-11-29 07:11:57] [E_WARNING: PDOStatement::execute(): SQLSTATE[HY093]: Invalid parameter number: number of bound variables does not match number of tokens] [IN FILE /var/www/html/proyect/app/Controllers/DemoController.php] [LINE 99]
[2018-11-29 07:11:06] [E_WARNING: PDOStatement::execute(): SQLSTATE[HY093]: Invalid parameter number: number of bound variables does not match number of tokens] [IN FILE /var/www/html/proyect/app/Controllers/DemoController.php] [LINE 99]
[2018-11-29 07:11:58] [E_WARNING: PDOStatement::execute(): SQLSTATE[HY093]: Invalid parameter number: number of bound variables does not match number of tokens] [IN FILE /var/www/html/proyect/app/Controllers/DemoController.php] [LINE 99]
[2018-11-29 07:11:15] [E_WARNING: PDOStatement::execute(): SQLSTATE[HY093]: Invalid parameter number: parameter was not defined] [IN FILE /var/www/html/proyect/app/Controllers/DemoController.php] [LINE 98]
[2018-11-29 07:11:23] [E_WARNING: PDOStatement::execute(): SQLSTATE[HY093]: Invalid parameter number: number of bound variables does not match number of tokens] [IN FILE /var/www/html/proyect/app/Controllers/DemoController.php] [LINE 99]
[2018-11-29 07:11:25] [E_NOTICE: Undefined index: place] [IN FILE /var/www/html/proyect/app/Views/layouts/demolayout.php] [LINE 35]
[2018-11-29 07:11:07] [E_WARNING: move_uploaded_file() expects exactly 2 parameters, 3 given] [IN FILE /var/www/html/proyect/app/Controllers/DemoController.php] [LINE 84]
[2018-11-29 08:11:53] [E_NOTICE: Undefined offset: 0] [IN FILE /var/www/html/proyect/app/Views/demo/delete.php] [LINE 3]
[2018-11-29 08:11:51] [E_NOTICE: Undefined offset: 0] [IN FILE /var/www/html/proyect/app/Views/demo/delete.php] [LINE 3]
[2018-11-29 08:11:53] [E_NOTICE: Undefined offset: 0] [IN FILE /var/www/html/proyect/app/Views/demo/delete.php] [LINE 3]
[2018-11-29 08:11:03] [E_NOTICE: Undefined index: Name] [IN FILE /var/www/html/proyect/app/Views/demo/delete.php] [LINE 3]
[2018-11-29 08:11:28] [E_NOTICE: Undefined index: id] [IN FILE /var/www/html/proyect/app/Views/demo/delete.php] [LINE 4]
[2018-11-29 08:11:55] [E_NOTICE: Undefined index: id] [IN FILE /var/www/html/proyect/app/Views/demo/delete.php] [LINE 4]
[2018-11-29 08:11:40] [E_NOTICE: Undefined variable: stmt] [IN FILE /var/www/html/proyect/app/Controllers/DemoController.php] [LINE 145]
[2018-12-01 10:12:10] [E_NOTICE: Undefined index: place] [IN FILE /var/www/html/proyect/app/Views/layouts/demolayout.php] [LINE 35]
[2018-12-01 10:12:29] [E_NOTICE: Undefined index: demo/insert2] [IN FILE /var/www/html/proyect/framework/Model/ModelRouter.php] [LINE 27]
[2018-12-01 10:12:18] [E_NOTICE: Undefined index: demo/insert2] [IN FILE /var/www/html/proyect/framework/Model/ModelRouter.php] [LINE 27]
[2018-12-01 10:12:51] [E_NOTICE: Undefined index: demo/insert2] [IN FILE /var/www/html/proyect/framework/Model/ModelRouter.php] [LINE 27]
[2018-12-01 10:12:20] [E_NOTICE: Undefined variable: pagination] [IN FILE /var/www/html/proyect/app/Views/demo/login.php] [LINE 15]
[2018-12-01 10:12:25] [E_NOTICE: Undefined variable: pagination] [IN FILE /var/www/html/proyect/app/Views/demo/login.php] [LINE 15]
[2018-12-01 10:12:28] [E_NOTICE: Undefined variable: pagination] [IN FILE /var/www/html/proyect/app/Views/demo/login.php] [LINE 15]
[2018-12-01 10:12:05] [E_NOTICE: Undefined variable: conn] [IN FILE /var/www/html/proyect/app/Controllers/DemoController.php] [LINE 289]
[2018-12-01 10:12:13] [E_NOTICE: Undefined index: generation] [IN FILE /var/www/html/proyect/app/Controllers/DemoController.php] [LINE 277]
[2018-12-01 10:12:40] [E_WARNING: PDOStatement::execute(): SQLSTATE[HY093]: Invalid parameter number: number of bound variables does not match number of tokens] [IN FILE /var/www/html/proyect/app/Controllers/DemoController.php] [LINE 277]
[2018-12-01 11:12:08] [E_NOTICE: Undefined index: Name] [IN FILE /var/www/html/proyect/app/Views/demo/delete.php] [LINE 2]
[2018-12-01 11:12:05] [E_NOTICE: Undefined index: idh] [IN FILE /var/www/html/proyect/app/Views/demo/login.php] [LINE 14]
[2018-12-03 08:12:20] [E_WARNING: Invalid argument supplied for foreach()] [IN FILE /var/www/html/proyect/app/Controllers/DemoController.php] [LINE 375]
[2018-12-03 08:12:38] [E_NOTICE: Undefined index: place] [IN FILE /var/www/html/proyect/app/Views/layouts/demolayout.php] [LINE 35]
[2018-12-03 08:12:34] [E_NOTICE: Undefined index: place] [IN FILE /var/www/html/proyect/app/Views/layouts/demolayout.php] [LINE 35]
[2018-12-03 08:12:12] [E_NOTICE: Undefined index: place] [IN FILE /var/www/html/proyect/app/Views/layouts/demolayout.php] [LINE 35]
[2018-12-03 08:12:34] [E_NOTICE: Undefined index: place] [IN FILE /var/www/html/proyect/app/Views/layouts/demolayout.php] [LINE 35]
[2018-12-03 08:12:23] [E_NOTICE: Undefined index: place] [IN FILE /var/www/html/proyect/app/Views/layouts/demolayout.php] [LINE 35]
[2018-12-03 08:12:41] [E_NOTICE: Undefined index: place] [IN FILE /var/www/html/proyect/app/Views/layouts/demolayout.php] [LINE 35]
[2018-12-03 08:12:29] [E_NOTICE: Undefined index: place] [IN FILE /var/www/html/proyect/app/Views/layouts/demolayout.php] [LINE 35]
[2018-12-03 08:12:27] [E_NOTICE: Undefined index: place] [IN FILE /var/www/html/proyect/app/Views/layouts/demolayout.php] [LINE 35]
[2018-12-03 08:12:32] [E_NOTICE: Undefined index: place] [IN FILE /var/www/html/proyect/app/Views/layouts/demolayout.php] [LINE 35]
[2018-12-03 08:12:07] [E_NOTICE: Undefined index: place] [IN FILE /var/www/html/proyect/app/Views/layouts/demolayout.php] [LINE 35]
[2018-12-03 08:12:20] [E_NOTICE: Undefined index: place] [IN FILE /var/www/html/proyect/app/Views/layouts/demolayout.php] [LINE 35]
[2018-12-03 08:12:30] [E_NOTICE: Undefined index: place] [IN FILE /var/www/html/proyect/app/Views/layouts/demolayout.php] [LINE 35]
[2018-12-03 08:12:30] [E_NOTICE: Undefined index: place] [IN FILE /var/www/html/proyect/app/Views/layouts/demolayout.php] [LINE 35]
[2018-12-03 08:12:30] [E_NOTICE: Undefined index: place] [IN FILE /var/www/html/proyect/app/Views/layouts/demolayout.php] [LINE 35]
[2018-12-03 08:12:30] [E_NOTICE: Undefined index: place] [IN FILE /var/www/html/proyect/app/Views/layouts/demolayout.php] [LINE 35]
[2018-12-03 08:12:01] [E_NOTICE: Undefined index: place] [IN FILE /var/www/html/proyect/app/Views/layouts/demolayout.php] [LINE 35]
[2018-12-03 08:12:01] [E_NOTICE: Undefined index: place] [IN FILE /var/www/html/proyect/app/Views/layouts/demolayout.php] [LINE 35]
[2018-12-03 08:12:01] [E_NOTICE: Undefined index: place] [IN FILE /var/www/html/proyect/app/Views/layouts/demolayout.php] [LINE 35]
[2018-12-03 08:12:45] [E_NOTICE: Undefined index: place] [IN FILE /var/www/html/proyect/app/Views/layouts/demolayout.php] [LINE 35]
[2018-12-03 08:12:45] [E_NOTICE: Undefined index: place] [IN FILE /var/www/html/proyect/app/Views/layouts/demolayout.php] [LINE 35]
[2018-12-03 08:12:45] [E_NOTICE: Undefined index: place] [IN FILE /var/www/html/proyect/app/Views/layouts/demolayout.php] [LINE 35]
[2018-12-03 08:12:48] [E_NOTICE: Undefined index: place] [IN FILE /var/www/html/proyect/app/Views/layouts/demolayout.php] [LINE 35]
[2018-12-03 08:12:49] [E_NOTICE: Undefined index: place] [IN FILE /var/www/html/proyect/app/Views/layouts/demolayout.php] [LINE 35]
[2018-12-03 08:12:49] [E_NOTICE: Undefined index: place] [IN FILE /var/www/html/proyect/app/Views/layouts/demolayout.php] [LINE 35]
[2018-12-03 08:12:54] [E_NOTICE: Undefined index: place] [IN FILE /var/www/html/proyect/app/Views/layouts/demolayout.php] [LINE 35]
[2018-12-03 08:12:54] [E_NOTICE: Undefined index: place] [IN FILE /var/www/html/proyect/app/Views/layouts/demolayout.php] [LINE 35]
[2018-12-03 08:12:54] [E_NOTICE: Undefined index: place] [IN FILE /var/www/html/proyect/app/Views/layouts/demolayout.php] [LINE 35]
[2018-12-03 08:12:54] [E_NOTICE: Undefined index: place] [IN FILE /var/www/html/proyect/app/Views/layouts/demolayout.php] [LINE 35]
[2018-12-03 08:12:13] [E_NOTICE: Undefined index: place] [IN FILE /var/www/html/proyect/app/Views/layouts/demolayout.php] [LINE 35]
[2018-12-03 08:12:13] [E_NOTICE: Undefined index: place] [IN FILE /var/www/html/proyect/app/Views/layouts/demolayout.php] [LINE 35]
[2018-12-03 08:12:43] [E_NOTICE: Undefined index: place] [IN FILE /var/www/html/proyect/app/Views/layouts/demolayout.php] [LINE 35]
[2018-12-03 08:12:05] [E_NOTICE: Undefined index: place] [IN FILE /var/www/html/proyect/app/Views/layouts/demolayout.php] [LINE 36]
[2018-12-03 08:12:33] [E_NOTICE: Undefined index: place] [IN FILE /var/www/html/proyect/app/Views/layouts/demolayout.php] [LINE 36]
[2018-12-03 08:12:36] [E_NOTICE: Undefined index: place] [IN FILE /var/www/html/proyect/app/Views/layouts/demolayout.php] [LINE 36]
[2018-12-03 08:12:49] [E_NOTICE: Undefined index: place] [IN FILE /var/www/html/proyect/app/Views/layouts/demolayout.php] [LINE 36]
[2018-12-03 09:12:45] [E_NOTICE: Undefined variable: conn] [IN FILE /var/www/html/proyect/app/Views/demo/admin.php] [LINE 3]
[2018-12-03 09:12:37] [E_WARNING: hash(): Unknown hashing algorithm: 256] [IN FILE /var/www/html/proyect/app/Controllers/DemoController.php] [LINE 14]
[2018-12-03 09:12:48] [E_WARNING: hash(): Unknown hashing algorithm: 256] [IN FILE /var/www/html/proyect/app/Controllers/DemoController.php] [LINE 14]
[2018-12-03 09:12:55] [E_WARNING: hash(): Unknown hashing algorithm: hash256] [IN FILE /var/www/html/proyect/app/Controllers/DemoController.php] [LINE 14]
[2018-12-03 09:12:02] [E_NOTICE: Undefined index: place] [IN FILE /var/www/html/proyect/app/Views/layouts/demolayout.php] [LINE 36]
[2018-12-03 09:12:33] [E_NOTICE: Undefined index: place] [IN FILE /var/www/html/proyect/app/Views/layouts/demolayout.php] [LINE 36]
[2018-12-03 09:12:36] [E_NOTICE: Undefined index: place] [IN FILE /var/www/html/proyect/app/Views/layouts/demolayout.php] [LINE 36]
[2018-12-03 09:12:49] [E_NOTICE: Undefined index: place] [IN FILE /var/www/html/proyect/app/Views/layouts/demolayout.php] [LINE 36]
[2018-12-03 09:12:51] [E_NOTICE: Undefined index: place] [IN FILE /var/www/html/proyect/app/Views/layouts/demolayout.php] [LINE 36]
[2018-12-03 09:12:22] [E_NOTICE: Undefined variable: GET] [IN FILE /var/www/html/proyect/app/Controllers/DemoController.php] [LINE 33]
[2018-12-03 09:12:02] [E_NOTICE: Undefined index: place] [IN FILE /var/www/html/proyect/app/Views/layouts/demolayout.php] [LINE 36]
[2018-12-03 09:12:13] [E_NOTICE: Undefined index: place] [IN FILE /var/www/html/proyect/app/Views/layouts/demolayout.php] [LINE 36]
[2018-12-03 09:12:14] [E_NOTICE: Undefined index: place] [IN FILE /var/www/html/proyect/app/Views/layouts/demolayout.php] [LINE 36]
[2018-12-03 09:12:17] [E_NOTICE: Undefined index: place] [IN FILE /var/www/html/proyect/app/Views/layouts/demolayout.php] [LINE 36]
[2018-12-03 09:12:40] [E_NOTICE: Undefined index: place] [IN FILE /var/www/html/proyect/app/Views/layouts/demolayout.php] [LINE 36]
[2018-12-03 09:12:40] [E_NOTICE: Undefined index: place] [IN FILE /var/www/html/proyect/app/Views/layouts/demolayout.php] [LINE 36]
[2018-12-03 09:12:31] [E_NOTICE: Undefined index: demo/logout] [IN FILE /var/www/html/proyect/framework/Model/ModelRouter.php] [LINE 30]
[2018-12-03 09:12:16] [E_NOTICE: Undefined index: place] [IN FILE /var/www/html/proyect/app/Views/layouts/demolayout.php] [LINE 37]
[2018-12-03 09:12:16] [E_NOTICE: Undefined index: place] [IN FILE /var/www/html/proyect/app/Views/layouts/demolayout.php] [LINE 37]
[2018-12-03 09:12:48] [E_NOTICE: Undefined index: place] [IN FILE /var/www/html/proyect/app/Views/layouts/demolayout.php] [LINE 37]
[2018-12-03 10:12:51] [E_NOTICE: Undefined index: place] [IN FILE /storage/ssd1/968/7935968/public_html/app/Views/layouts/demolayout.php] [LINE 37]
[2018-12-03 10:12:24] [E_NOTICE: Undefined index: place] [IN FILE /storage/ssd1/968/7935968/public_html/app/Views/layouts/demolayout.php] [LINE 37]
[2018-12-03 10:12:03] [E_NOTICE: Undefined index: place] [IN FILE /storage/ssd1/968/7935968/public_html/app/Views/layouts/demolayout.php] [LINE 37]
[2018-12-03 10:12:53] [E_NOTICE: Undefined index: place] [IN FILE /storage/ssd1/968/7935968/public_html/app/Views/layouts/demolayout.php] [LINE 37]
[2018-12-03 10:12:03] [E_NOTICE: Undefined index: place] [IN FILE /storage/ssd1/968/7935968/public_html/app/Views/layouts/demolayout.php] [LINE 37]
[2018-12-03 10:12:44] [E_NOTICE: Undefined index: place] [IN FILE /storage/ssd1/968/7935968/public_html/app/Views/layouts/demolayout.php] [LINE 37]
[2018-12-03 10:12:50] [E_NOTICE: Undefined index: place] [IN FILE /storage/ssd1/968/7935968/public_html/app/Views/layouts/demolayout.php] [LINE 37]
[2018-12-03 10:12:08] [E_NOTICE: Undefined index: place] [IN FILE /storage/ssd1/968/7935968/public_html/app/Views/layouts/demolayout.php] [LINE 37]
[2018-12-03 10:12:09] [E_NOTICE: Undefined index: place] [IN FILE /storage/ssd1/968/7935968/public_html/app/Views/layouts/demolayout.php] [LINE 37]
[2018-12-03 10:12:14] [E_NOTICE: Undefined index: place] [IN FILE /storage/ssd1/968/7935968/public_html/app/Views/layouts/demolayout.php] [LINE 37]
[2018-12-03 10:12:34] [E_NOTICE: Undefined index: place] [IN FILE /storage/ssd1/968/7935968/public_html/app/Views/layouts/demolayout.php] [LINE 37]
[2018-12-03 10:12:37] [E_NOTICE: Undefined index: place] [IN FILE /storage/ssd1/968/7935968/public_html/app/Views/layouts/demolayout.php] [LINE 37]
[2018-12-03 10:12:40] [E_NOTICE: Undefined index: place] [IN FILE /storage/ssd1/968/7935968/public_html/app/Views/layouts/demolayout.php] [LINE 37]
[2018-12-03 10:12:56] [E_NOTICE: Undefined index: place] [IN FILE /storage/ssd1/968/7935968/public_html/app/Views/layouts/demolayout.php] [LINE 37]
[2018-12-03 10:12:04] [E_NOTICE: Undefined index: place] [IN FILE /storage/ssd1/968/7935968/public_html/app/Views/layouts/demolayout.php] [LINE 37]
[2018-12-03 11:12:09] [E_WARNING: Cannot modify header information - headers already sent by (output started at /storage/ssd1/968/7935968/public_html/app/Views/layouts/layout.php:1)] [IN FILE /storage/ssd1/968/7935968/public_html/framework/Model/ModelUrl.php] [LINE 30]
[2018-12-03 11:12:21] [E_WARNING: Cannot modify header information - headers already sent by (output started at /storage/ssd1/968/7935968/public_html/app/Views/layouts/layout.php:1)] [IN FILE /storage/ssd1/968/7935968/public_html/framework/Model/ModelUrl.php] [LINE 30]
[2018-12-03 11:12:27] [E_WARNING: Cannot modify header information - headers already sent by (output started at /storage/ssd1/968/7935968/public_html/app/Views/layouts/layout.php:1)] [IN FILE /storage/ssd1/968/7935968/public_html/framework/Model/ModelUrl.php] [LINE 30]
[2018-12-04 09:12:02] [E_WARNING: Cannot modify header information - headers already sent by (output started at /storage/ssd1/968/7935968/public_html/app/Views/layouts/layout.php:1)] [IN FILE /storage/ssd1/968/7935968/public_html/framework/Model/ModelUrl.php] [LINE 30]
[2018-12-04 09:12:01] [E_WARNING: Cannot modify header information - headers already sent by (output started at /storage/ssd1/968/7935968/public_html/app/Views/layouts/layout.php:1)] [IN FILE /storage/ssd1/968/7935968/public_html/framework/Model/ModelUrl.php] [LINE 30]
[2018-12-04 09:12:32] [E_WARNING: Cannot modify header information - headers already sent by (output started at /storage/ssd1/968/7935968/public_html/app/Views/layouts/layout.php:1)] [IN FILE /storage/ssd1/968/7935968/public_html/framework/Model/ModelUrl.php] [LINE 30]
[2018-12-04 09:12:43] [E_WARNING: Cannot modify header information - headers already sent by (output started at /storage/ssd1/968/7935968/public_html/app/Views/layouts/layout.php:1)] [IN FILE /storage/ssd1/968/7935968/public_html/framework/Model/ModelUrl.php] [LINE 30]
[2018-12-07 02:12:48] [E_WARNING: Cannot modify header information - headers already sent by (output started at /storage/ssd1/968/7935968/public_html/app/Views/layouts/layout.php:1)] [IN FILE /storage/ssd1/968/7935968/public_html/framework/Model/ModelUrl.php] [LINE 30]
[2018-12-07 02:12:51] [E_WARNING: Cannot modify header information - headers already sent by (output started at /storage/ssd1/968/7935968/public_html/app/Views/layouts/layout.php:1)] [IN FILE /storage/ssd1/968/7935968/public_html/framework/Model/ModelUrl.php] [LINE 30]
[2018-12-07 05:12:14] [E_WARNING: Cannot modify header information - headers already sent by (output started at /storage/ssd1/968/7935968/public_html/app/Views/layouts/layout.php:1)] [IN FILE /storage/ssd1/968/7935968/public_html/framework/Model/ModelUrl.php] [LINE 30]
